2026-01-14 18:13:24 - Sending user: mendozalance246@gmail.com
2026-01-14 18:13:25 - Response from Airlyft: <br />
<b>Fatal error</b>:  Uncaught mysqli_sql_exception: Unknown column 'created_at' in 'field list' in C:\xampp\htdocs\airlyft\api\sync_user.php:66
Stack trace:
#0 C:\xampp\htdocs\airlyft\api\sync_user.php(66): mysqli-&gt;prepare('\r\n    INSERT IN...')
#1 {main}
  thrown in <b>C:\xampp\htdocs\airlyft\api\sync_user.php</b> on line <b>66</b><br />

2026-01-14 18:22:41 - Sending user: mendozalance246@gmail.com
2026-01-14 18:22:41 - Response from Airlyft: {"success":true,"message":"User synced successfully"}
2026-01-14 19:19:27 - Sync update for mendozalance246@gmail.com → {"success":true,"message":"User synced successfully"}
2026-01-14 19:29:35 - Sync update for mendozalance246@gmail.com → 
2026-01-14 19:37:27 - Sync update for mendozalance246@gmail.com → 
2026-01-14 21:17:13 - Sync update for danlawrencebarretto1@gmail.com → <br />
<b>Fatal error</b>:  Uncaught mysqli_sql_exception: Host '192.168.18.136' is not allowed to connect to this MariaDB server in C:\xampp\htdocs\airlyft\db\connect.php:19
Stack trace:
#0 C:\xampp\htdocs\airlyft\db\connect.php(19): mysqli-&gt;__construct('192.168.18.137', 'root', Object(SensitiveParameterValue), 'airlyftdb')
#1 C:\xampp\htdocs\airlyft\api\sync_user.php(2): require_once('C:\\xampp\\htdocs...')
#2 {main}
  thrown in <b>C:\xampp\htdocs\airlyft\db\connect.php</b> on line <b>19</b><br />

2026-01-14 21:17:13 - Response from Airlyft: <br />
<b>Fatal error</b>:  Uncaught mysqli_sql_exception: Host '192.168.18.136' is not allowed to connect to this MariaDB server in C:\xampp\htdocs\airlyft\db\connect.php:19
Stack trace:
#0 C:\xampp\htdocs\airlyft\db\connect.php(19): mysqli-&gt;__construct('192.168.18.137', 'root', Object(SensitiveParameterValue), 'airlyftdb')
#1 C:\xampp\htdocs\airlyft\api\sync_user.php(2): require_once('C:\\xampp\\htdocs...')
#2 {main}
  thrown in <b>C:\xampp\htdocs\airlyft\db\connect.php</b> on line <b>19</b><br />

2026-01-14 21:20:13 - Sync update for danlawrencebarretto1@gmail.com → <br />
<b>Fatal error</b>:  Uncaught mysqli_sql_exception: Host '192.168.18.136' is not allowed to connect to this MariaDB server in C:\xampp\htdocs\airlyft\db\connect.php:19
Stack trace:
#0 C:\xampp\htdocs\airlyft\db\connect.php(19): mysqli-&gt;__construct('192.168.18.137', 'root', Object(SensitiveParameterValue), 'airlyftdb')
#1 C:\xampp\htdocs\airlyft\api\sync_user.php(2): require_once('C:\\xampp\\htdocs...')
#2 {main}
  thrown in <b>C:\xampp\htdocs\airlyft\db\connect.php</b> on line <b>19</b><br />

2026-01-14 21:20:13 - Response from Airlyft: <br />
<b>Fatal error</b>:  Uncaught mysqli_sql_exception: Host '192.168.18.136' is not allowed to connect to this MariaDB server in C:\xampp\htdocs\airlyft\db\connect.php:19
Stack trace:
#0 C:\xampp\htdocs\airlyft\db\connect.php(19): mysqli-&gt;__construct('192.168.18.137', 'root', Object(SensitiveParameterValue), 'airlyftdb')
#1 C:\xampp\htdocs\airlyft\api\sync_user.php(2): require_once('C:\\xampp\\htdocs...')
#2 {main}
  thrown in <b>C:\xampp\htdocs\airlyft\db\connect.php</b> on line <b>19</b><br />

2026-01-14 21:26:28 - Sync update for danlawrencebarretto1@gmail.com → <!DOCTYPE HTML PUBLIC "-//IETF//DTD HTML 2.0//EN">
<html><head>
<title>404 Not Found</title>
</head><body>
<h1>Not Found</h1>
<p>The requested URL was not found on this server.</p>
<hr>
<address>Apache/2.4.58 (Win64) OpenSSL/3.1.3 PHP/8.2.12 Server at 192.168.18.137 Port 80</address>
</body></html>

2026-01-14 21:26:28 - Response from Airlyft: <!DOCTYPE HTML PUBLIC "-//IETF//DTD HTML 2.0//EN">
<html><head>
<title>404 Not Found</title>
</head><body>
<h1>Not Found</h1>
<p>The requested URL was not found on this server.</p>
<hr>
<address>Apache/2.4.58 (Win64) OpenSSL/3.1.3 PHP/8.2.12 Server at 192.168.18.137 Port 80</address>
</body></html>

2026-01-14 21:29:59 - Sync update for mendozalance246@gmail.com → {"success":true,"message":"User synced successfully"}
2026-01-14 21:29:59 - Response from Airlyft: {"success":true,"message":"User synced successfully"}
2026-01-14 21:42:03 - Sync update for mchrislhin@gmail.com → <br />
<b>Fatal error</b>:  Uncaught mysqli_sql_exception: Unknown column 'name' in 'field list' in C:\xampp\htdocs\airlyft\api\sync_user.php:66
Stack trace:
#0 C:\xampp\htdocs\airlyft\api\sync_user.php(66): mysqli-&gt;prepare('\r\n    INSERT IN...')
#1 {main}
  thrown in <b>C:\xampp\htdocs\airlyft\api\sync_user.php</b> on line <b>66</b><br />

2026-01-14 21:42:03 - Response from Airlyft: <br />
<b>Fatal error</b>:  Uncaught mysqli_sql_exception: Unknown column 'name' in 'field list' in C:\xampp\htdocs\airlyft\api\sync_user.php:66
Stack trace:
#0 C:\xampp\htdocs\airlyft\api\sync_user.php(66): mysqli-&gt;prepare('\r\n    INSERT IN...')
#1 {main}
  thrown in <b>C:\xampp\htdocs\airlyft\api\sync_user.php</b> on line <b>66</b><br />

2026-01-15 17:30:20 - Sync update for marygbarretto@gmail.com → <!DOCTYPE HTML PUBLIC "-//IETF//DTD HTML 2.0//EN">
<html><head>
<title>404 Not Found</title>
</head><body>
<h1>Not Found</h1>
<p>The requested URL was not found on this server.</p>
<hr>
<address>Apache/2.4.58 (Win64) OpenSSL/3.1.3 PHP/8.2.12 Server at 192.168.18.136 Port 80</address>
</body></html>

2026-01-15 17:30:20 - Response from Airlyft: <!DOCTYPE HTML PUBLIC "-//IETF//DTD HTML 2.0//EN">
<html><head>
<title>404 Not Found</title>
</head><body>
<h1>Not Found</h1>
<p>The requested URL was not found on this server.</p>
<hr>
<address>Apache/2.4.58 (Win64) OpenSSL/3.1.3 PHP/8.2.12 Server at 192.168.18.136 Port 80</address>
</body></html>

2026-01-15 18:17:27 - Sync update for dandlbbarretto@gmail.com → <!DOCTYPE HTML PUBLIC "-//IETF//DTD HTML 2.0//EN">
<html><head>
<title>404 Not Found</title>
</head><body>
<h1>Not Found</h1>
<p>The requested URL was not found on this server.</p>
<hr>
<address>Apache/2.4.58 (Win64) OpenSSL/3.1.3 PHP/8.2.12 Server at 192.168.18.136 Port 80</address>
</body></html>

2026-01-15 18:17:27 - Response from Airlyft: <!DOCTYPE HTML PUBLIC "-//IETF//DTD HTML 2.0//EN">
<html><head>
<title>404 Not Found</title>
</head><body>
<h1>Not Found</h1>
<p>The requested URL was not found on this server.</p>
<hr>
<address>Apache/2.4.58 (Win64) OpenSSL/3.1.3 PHP/8.2.12 Server at 192.168.18.136 Port 80</address>
</body></html>

2026-01-15 18:22:51 - Sync update for danlawrencebarretto27@gmail.com → <!DOCTYPE HTML PUBLIC "-//IETF//DTD HTML 2.0//EN">
<html><head>
<title>404 Not Found</title>
</head><body>
<h1>Not Found</h1>
<p>The requested URL was not found on this server.</p>
<hr>
<address>Apache/2.4.58 (Win64) OpenSSL/3.1.3 PHP/8.2.12 Server at 192.168.18.136 Port 80</address>
</body></html>

2026-01-15 18:22:51 - Response from Airlyft: <!DOCTYPE HTML PUBLIC "-//IETF//DTD HTML 2.0//EN">
<html><head>
<title>404 Not Found</title>
</head><body>
<h1>Not Found</h1>
<p>The requested URL was not found on this server.</p>
<hr>
<address>Apache/2.4.58 (Win64) OpenSSL/3.1.3 PHP/8.2.12 Server at 192.168.18.136 Port 80</address>
</body></html>

2026-01-15 18:46:22 - Sync update for barrettodanlawrence@gmail.com → <!DOCTYPE HTML PUBLIC "-//IETF//DTD HTML 2.0//EN">
<html><head>
<title>404 Not Found</title>
</head><body>
<h1>Not Found</h1>
<p>The requested URL was not found on this server.</p>
<hr>
<address>Apache/2.4.58 (Win64) OpenSSL/3.1.3 PHP/8.2.12 Server at 192.168.18.136 Port 80</address>
</body></html>

2026-01-15 18:46:22 - Response from Airlyft: <!DOCTYPE HTML PUBLIC "-//IETF//DTD HTML 2.0//EN">
<html><head>
<title>404 Not Found</title>
</head><body>
<h1>Not Found</h1>
<p>The requested URL was not found on this server.</p>
<hr>
<address>Apache/2.4.58 (Win64) OpenSSL/3.1.3 PHP/8.2.12 Server at 192.168.18.136 Port 80</address>
</body></html>

2026-01-15 18:56:01 - Sync update for mbseno2@up.edu.ph → <!DOCTYPE HTML PUBLIC "-//IETF//DTD HTML 2.0//EN">
<html><head>
<title>404 Not Found</title>
</head><body>
<h1>Not Found</h1>
<p>The requested URL was not found on this server.</p>
<hr>
<address>Apache/2.4.58 (Win64) OpenSSL/3.1.3 PHP/8.2.12 Server at 192.168.18.136 Port 80</address>
</body></html>

2026-01-15 18:56:01 - Response from Airlyft: <!DOCTYPE HTML PUBLIC "-//IETF//DTD HTML 2.0//EN">
<html><head>
<title>404 Not Found</title>
</head><body>
<h1>Not Found</h1>
<p>The requested URL was not found on this server.</p>
<hr>
<address>Apache/2.4.58 (Win64) OpenSSL/3.1.3 PHP/8.2.12 Server at 192.168.18.136 Port 80</address>
</body></html>

